[debug] [2025-01-15T02:20:58.568Z] ----------------------------------------------------------------------
[debug] [2025-01-15T02:20:58.572Z] Command:       C:\Program Files\nodejs\node.exe C:\Program Files\nodejs\node_modules\firebase-tools\lib\bin\firebase.js init
[debug] [2025-01-15T02:20:58.572Z] CLI Version:   13.22.0
[debug] [2025-01-15T02:20:58.573Z] Platform:      win32
[debug] [2025-01-15T02:20:58.573Z] Node Version:  v20.15.1
[debug] [2025-01-15T02:20:58.573Z] Time:          Tue Jan 14 2025 21:20:58 GMT-0500 (Colombia Standard Time)
[debug] [2025-01-15T02:20:58.573Z] ----------------------------------------------------------------------
[debug] 
[debug] [2025-01-15T02:20:58.691Z] > command requires scopes: ["email","openid","https://www.googleapis.com/auth/cloudplatformprojects.readonly","https://www.googleapis.com/auth/firebase","https://www.googleapis.com/auth/cloud-platform"]
[debug] [2025-01-15T02:20:58.692Z] > authorizing via signed-in user (sebaser99@gmail.com)
[info] 
     ######## #### ########  ######## ########     ###     ######  ########
     ##        ##  ##     ## ##       ##     ##  ##   ##  ##       ##
     ######    ##  ########  ######   ########  #########  ######  ######
     ##        ##  ##    ##  ##       ##     ## ##     ##       ## ##
     ##       #### ##     ## ######## ########  ##     ##  ######  ########

You're about to initialize a Firebase project in this directory:

  C:\Users\sebas\OneDrive\Documentos\SEBASER99\projects\portfolio-sebastian-rodriguez

Before we get started, keep in mind:

  * You are initializing within an existing Firebase project directory

[info] 
=== Project Setup
[info] 
[info] First, let's associate this project directory with a Firebase project.
[info] You can create multiple project aliases by running firebase use --add, 
[info] but for now we'll just set up a default project.
[info] 
[debug] [2025-01-15T02:21:15.732Z] Using project from CLI flag: sebastian-rodriguez-381ba
[debug] [2025-01-15T02:21:15.734Z] Checked if tokens are valid: true, expires at: 1736909238941
[debug] [2025-01-15T02:21:15.734Z] Checked if tokens are valid: true, expires at: 1736909238941
[debug] [2025-01-15T02:21:15.736Z] >>> [apiv2][query] GET https://firebase.googleapis.com/v1beta1/projects/sebastian-rodriguez-381ba [none]
[debug] [2025-01-15T02:21:16.464Z] <<< [apiv2][status] GET https://firebase.googleapis.com/v1beta1/projects/sebastian-rodriguez-381ba 200
[debug] [2025-01-15T02:21:16.465Z] <<< [apiv2][body] GET https://firebase.googleapis.com/v1beta1/projects/sebastian-rodriguez-381ba {"projectId":"sebastian-rodriguez-381ba","projectNumber":"218306497936","displayName":"sebastian-rodriguez","name":"projects/sebastian-rodriguez-381ba","resources":{"hostingSite":"sebastian-rodriguez-381ba"},"state":"ACTIVE","etag":"1_d73ca3ac-eb64-4c16-b2d8-7b3398e1735e"}
[info] i  Using project sebastian-rodriguez-381ba (sebastian-rodriguez) 
[info] 
=== Hosting Setup
[debug] [2025-01-15T02:21:16.478Z] Checked if tokens are valid: true, expires at: 1736909238941
[debug] [2025-01-15T02:21:16.478Z] Checked if tokens are valid: true, expires at: 1736909238941
[debug] [2025-01-15T02:21:16.478Z] >>> [apiv2][query] GET https://firebase.googleapis.com/v1beta1/projects/sebastian-rodriguez-381ba [none]
[debug] [2025-01-15T02:21:16.842Z] <<< [apiv2][status] GET https://firebase.googleapis.com/v1beta1/projects/sebastian-rodriguez-381ba 200
[debug] [2025-01-15T02:21:16.842Z] <<< [apiv2][body] GET https://firebase.googleapis.com/v1beta1/projects/sebastian-rodriguez-381ba {"projectId":"sebastian-rodriguez-381ba","projectNumber":"218306497936","displayName":"sebastian-rodriguez","name":"projects/sebastian-rodriguez-381ba","resources":{"hostingSite":"sebastian-rodriguez-381ba"},"state":"ACTIVE","etag":"1_d73ca3ac-eb64-4c16-b2d8-7b3398e1735e"}
[info] 
[info] Your public directory is the folder (relative to your project directory) that
[info] will contain Hosting assets to be uploaded with firebase deploy. If you
[info] have a build process for your assets, use your build's output directory.
[info] 
[info] +  Wrote dist/browser/404.html 
[debug] [2025-01-15T02:21:45.958Z] >>> [apiv2][query] GET https://www.gstatic.com/firebasejs/releases.json [none]
[debug] [2025-01-15T02:21:46.346Z] <<< [apiv2][status] GET https://www.gstatic.com/firebasejs/releases.json 200
[debug] [2025-01-15T02:21:46.346Z] <<< [apiv2][body] GET https://www.gstatic.com/firebasejs/releases.json {"current":{"version":"11.1.0","browserURL":"https://www.gstatic.com/firebasejs/11.1.0/firebase.js","packageURL":"https://www.gstatic.com/firebasejs/11.1.0/firebase.tgz"},"live":{"version":"11.1","browserURL":"https://www.gstatic.com/firebasejs/live/11.1/firebase.js","packageURL":"https://www.gstatic.com/firebasejs/live/11.1/firebase.tgz"},"components":{"analytics":"https://www.gstatic.com/firebasejs/11.1.0/firebase-analytics.js","app":"https://www.gstatic.com/firebasejs/11.1.0/firebase-app.js","app-check":"https://www.gstatic.com/firebasejs/11.1.0/firebase-app-check.js","auth":"https://www.gstatic.com/firebasejs/11.1.0/firebase-auth.js","auth/cordova":"https://www.gstatic.com/firebasejs/11.1.0/firebase-auth/cordova.js","auth/web-extension":"https://www.gstatic.com/firebasejs/11.1.0/firebase-auth/web-extension.js","functions":"https://www.gstatic.com/firebasejs/11.1.0/firebase-functions.js","firestore":"https://www.gstatic.com/firebasejs/11.1.0/firebase-firestore.js","firestore/lite":"https://www.gstatic.com/firebasejs/11.1.0/firebase-firestore/lite.js","installations":"https://www.gstatic.com/firebasejs/11.1.0/firebase-installations.js","storage":"https://www.gstatic.com/firebasejs/11.1.0/firebase-storage.js","performance":"https://www.gstatic.com/firebasejs/11.1.0/firebase-performance.js","remote-config":"https://www.gstatic.com/firebasejs/11.1.0/firebase-remote-config.js","messaging":"https://www.gstatic.com/firebasejs/11.1.0/firebase-messaging.js","messaging/sw":"https://www.gstatic.com/firebasejs/11.1.0/firebase-messaging/sw.js","database":"https://www.gstatic.com/firebasejs/11.1.0/firebase-database.js","vertexai":"https://www.gstatic.com/firebasejs/11.1.0/firebase-vertexai.js","data-connect":"https://www.gstatic.com/firebasejs/11.1.0/firebase-data-connect.js","firestore.memory":"https://www.gstatic.com/firebasejs/11.1.0/firebase-firestore.memory.js"}}
[info] +  Wrote dist/browser/index.html 
[info] 
[info] i  Detected a .git folder at C:\Users\sebas\OneDrive\Documentos\SEBASER99\projects\portfolio-sebastian-rodriguez 
[info] i  Authorizing with GitHub to upload your service account to a GitHub repository's secrets store. 
[info] 
[info] Visit this URL on this device to log in:
[info] https://github.com/login/oauth/authorize?client_id=89cf50f02ac6aaed3484&state=469546254&redirect_uri=http%3A%2F%2Flocalhost%3A9005&scope=read%3Auser%20repo%20public_repo
[info] 
[info] Waiting for authentication...
[debug] [2025-01-15T02:22:27.099Z] >>> [apiv2][query] POST https://github.com/login/oauth/access_token [none]
[debug] [2025-01-15T02:22:27.100Z] >>> [apiv2][body] POST https://github.com/login/oauth/access_token [stream]
[debug] [2025-01-15T02:22:27.806Z] <<< [apiv2][status] POST https://github.com/login/oauth/access_token 200
[debug] [2025-01-15T02:22:27.807Z] <<< [apiv2][body] POST https://github.com/login/oauth/access_token {"access_token":"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","token_type":"bearer","scope":"read:user,repo"}
[debug] [2025-01-15T02:22:27.817Z] >>> [apiv2][query] GET https://api.github.com/user [none]
[debug] [2025-01-15T02:22:28.349Z] <<< [apiv2][status] GET https://api.github.com/user 200
[debug] [2025-01-15T02:22:28.350Z] <<< [apiv2][body] GET https://api.github.com/user {"login":"sebaser99","id":65474315,"node_id":"MDQ6VXNlcjY1NDc0MzE1","avatar_url":"https://avatars.githubusercontent.com/u/65474315?v=4","gravatar_id":"","url":"https://api.github.com/users/sebaser99","html_url":"https://github.com/sebaser99","followers_url":"https://api.github.com/users/sebaser99/followers","following_url":"https://api.github.com/users/sebaser99/following{/other_user}","gists_url":"https://api.github.com/users/sebaser99/gists{/gist_id}","starred_url":"https://api.github.com/users/sebaser99/starred{/owner}{/repo}","subscriptions_url":"https://api.github.com/users/sebaser99/subscriptions","organizations_url":"https://api.github.com/users/sebaser99/orgs","repos_url":"https://api.github.com/users/sebaser99/repos","events_url":"https://api.github.com/users/sebaser99/events{/privacy}","received_events_url":"https://api.github.com/users/sebaser99/received_events","type":"User","user_view_type":"private","site_admin":false,"name":"Sebastián Rodríguez ","company":null,"blog":"","location":"Cali-colombia","email":null,"hireable":null,"bio":null,"twitter_username":null,"notification_email":null,"public_repos":67,"public_gists":0,"followers":1,"following":0,"created_at":"2020-05-17T01:21:10Z","updated_at":"2024-11-06T01:18:04Z","private_gists":0,"total_private_repos":9,"owned_private_repos":9,"disk_usage":417603,"collaborators":2,"two_factor_authentication":true,"plan":{"name":"free","space":976562499,"collaborators":0,"private_repos":10000}}
[info] 
[info] +  Success! Logged into GitHub as sebaser99 
[info] 
